2024-09-17 [main] ERROR testCases.TC_loginDDT - ...Login failed...
2024-09-17 [main] INFO  org.testng.internal.Utils - [TestNG] Running:
  C:\Users\Uma\neweclipse-workspace\Sincxapp2.0\master.xml

2024-09-17 [main] INFO  testCases.TC_loginDDT -  LoginpageDDT is started
2024-09-17 [main] ERROR testCases.TC_loginDDT - ...Login failed...
2024-09-17 [main] INFO  org.testng.internal.Utils - [TestNG] Running:
  C:\Users\Uma\neweclipse-workspace\Sincxapp2.0\master.xml

2024-09-17 [main] INFO  testCases.TC_loginDDT -  LoginpageDDT is started
2024-09-17 [main] ERROR testCases.TC_loginDDT - ...Login failed...
2024-09-17 [main] INFO  org.testng.internal.Utils - [TestNG] Running:
  C:\Users\Uma\neweclipse-workspace\Sincxapp2.0\master.xml

2024-09-17 [main] INFO  testCases.TC_loginDDT -  LoginpageDDT is started
2024-09-17 [main] ERROR testCases.TC_loginDDT - ...Login failed...
2024-09-17 [main] INFO  org.testng.internal.Utils - [TestNG] Running:
  C:\Users\Uma\neweclipse-workspace\Sincxapp2.0\master.xml

2024-09-17 [main] INFO  testCases.TC_loginDDT -  LoginpageDDT is started
2024-09-17 [main] ERROR testCases.TC_loginDDT - ...Login failed...
2024-09-17 [main] INFO  org.testng.internal.Utils - [TestNG] Running:
  C:\Users\Uma\neweclipse-workspace\Sincxapp2.0\master.xml

2024-09-17 [main] INFO  testCases.TC_loginDDT -  LoginpageDDT is started
2024-09-17 [main] ERROR testCases.TC_loginDDT - ...Login failed...
2024-09-17 [main] INFO  org.testng.internal.Utils - [TestNG] Running:
  C:\Users\Uma\neweclipse-workspace\Sincxapp2.0\master.xml

2024-09-17 [main] INFO  testCases.TC_loginDDT -  LoginpageDDT is started
2024-09-17 [main] ERROR testCases.TC_loginDDT - ...Login failed...
2024-09-17 [main] INFO  org.testng.internal.Utils - [TestNG] Running:
  C:\Users\Uma\neweclipse-workspace\Sincxapp2.0\master.xml

2024-09-17 [main] INFO  testCases.TC_loginDDT -  LoginpageDDT is started
2024-09-17 [main] ERROR testCases.TC_loginDDT - ...Login failed...
2024-09-17 [main] INFO  org.testng.internal.Utils - [TestNG] Running:
  C:\Users\Uma\neweclipse-workspace\Sincxapp2.0\master.xml

2024-09-17 [main] INFO  testCases.TC_loginDDT -  LoginpageDDT is started
2024-09-17 [main] ERROR testCases.TC_loginDDT - ...Login failed...
2024-09-17 [main] INFO  org.testng.internal.Utils - [TestNG] Running:
  C:\Users\Uma\neweclipse-workspace\Sincxapp2.0\master.xml

2024-09-17 [main] INFO  testCases.TC_loginDDT -  LoginpageDDT is started
2024-09-17 [main] INFO  org.testng.internal.Utils - [TestNG] Running:
  C:\Users\Uma\neweclipse-workspace\Sincxapp2.0\master.xml

2024-09-17 [main] INFO  testCases.TC_loginDDT -  LoginpageDDT is started
2024-09-17 [main] INFO  org.testng.internal.Utils - [TestNG] Running:
  C:\Users\Uma\neweclipse-workspace\Sincxapp2.0\master.xml

2024-09-17 [main] INFO  testCases.TC_loginDDT -  LoginpageDDT is started
2024-09-17 [main] INFO  org.testng.internal.Utils - [TestNG] Running:
  C:\Users\Uma\neweclipse-workspace\Sincxapp2.0\master.xml

2024-09-17 [main] INFO  testCases.TC_loginDDT -  LoginpageDDT is started
2024-09-18 [main] INFO  org.testng.internal.Utils - [TestNG] Running:
  C:\Users\Uma\neweclipse-workspace\Sincxapp2.0\grouping.xml

2024-09-18 [main] INFO  testCases.Loginpage - ....Starting LoginPage.....
2024-09-18 [main] INFO  testCases.Loginpage - ... Loginpage Assertion Success .....
2024-09-18 [main] INFO  testCases.Loginpage -  Loginpage is Finished
2024-09-18 [main] INFO  testCases.Loginpage -  Dashboard Verified
2024-09-18 [main] INFO  org.testng.internal.Utils - [TestNG] Running:
  C:\Users\Uma\neweclipse-workspace\Sincxapp2.0\master.xml

2024-09-18 [main] INFO  org.testng.internal.Utils - [TestNG] Running:
  C:\Users\Uma\neweclipse-workspace\Sincxapp2.0\master.xml

2024-09-18 [main] INFO  org.testng.internal.Utils - [TestNG] Running:
  C:\Users\Uma\neweclipse-workspace\Sincxapp2.0\master.xml

2024-09-18 [main] INFO  org.testng.internal.Utils - [TestNG] Running:
  C:\Users\Uma\neweclipse-workspace\Sincxapp2.0\master.xml

2024-09-18 [main] INFO  org.testng.internal.Utils - [TestNG] Running:
  C:\Users\Uma\neweclipse-workspace\Sincxapp2.0\master.xml

2024-09-18 [main] INFO  org.testng.internal.Utils - [TestNG] Running:
  C:\Users\Uma\neweclipse-workspace\Sincxapp2.0\master.xml

2024-09-18 [main] INFO  org.testng.internal.Utils - [TestNG] Running:
  C:\Users\Uma\neweclipse-workspace\Sincxapp2.0\master.xml

2024-09-18 [main] INFO  org.testng.internal.Utils - [TestNG] Running:
  C:\Users\Uma\neweclipse-workspace\Sincxapp2.0\grouping.xml

2024-09-18 [main] INFO  testCases.Loginpage - ....Starting LoginPage.....
2024-09-18 [main] INFO  testCases.Loginpage - ... Loginpage Assertion Success .....
2024-09-18 [main] INFO  testCases.Loginpage -  Loginpage is Finished
2024-09-18 [main] INFO  testCases.Loginpage -  Dashboard Verified
2024-09-18 [main] INFO  org.testng.internal.Utils - [TestNG] Running:
  C:\Users\Uma\neweclipse-workspace\Sincxapp2.0\master.xml

2024-09-18 [main] INFO  org.testng.internal.Utils - [TestNG] Running:
  C:\Users\Uma\neweclipse-workspace\Sincxapp2.0\master.xml

2024-09-18 [main] INFO  org.testng.internal.Utils - [Utils] MethodGroupsHelper.collectMethodsByGroup() took 0 ms.
2024-09-18 [main] INFO  org.testng.internal.Utils - [Utils] MethodGroupsHelper.sortMethods() took 1 ms.
2024-09-18 [main] INFO  org.testng.internal.Utils - [Utils] MethodGroupsHelper.collectMethodsByGroup() took 0 ms.
2024-09-18 [main] INFO  org.testng.internal.Utils - [Utils] MethodGroupsHelper.sortMethods() took 0 ms.
2024-09-18 [main] INFO  org.testng.internal.Utils - [Utils] MethodGroupsHelper.collectMethodsByGroup() took 0 ms.
2024-09-18 [main] INFO  org.testng.internal.Utils - [Utils] MethodGroupsHelper.sortMethods() took 0 ms.
2024-09-18 [main] INFO  org.testng.internal.Utils - [Utils] MethodGroupsHelper.collectMethodsByGroup() took 0 ms.
2024-09-18 [main] INFO  org.testng.internal.Utils - [Utils] MethodGroupsHelper.sortMethods() took 0 ms.
2024-09-18 [main] INFO  org.testng.internal.Utils - [Utils] MethodGroupsHelper.collectMethodsByGroup() took 6 ms.
