2024-09-20 [main] ERROR testCases.Loginpage - ...Logout failed...
2024-09-20 [main] INFO  testCases.Loginpage - ....Starting LoginPage.....
2024-09-20 [main] INFO  testCases.Loginpage - ... Loginpage Assertion Success .....
2024-09-20 [main] INFO  testCases.Loginpage - ....Starting Logout.....
2024-09-20 [main] ERROR testCases.Loginpage - ...Logout failed...
2024-09-20 [main] INFO  testCases.Loginpage - ....Starting LoginPage.....
2024-09-20 [main] INFO  testCases.Loginpage - ... Loginpage Assertion Success .....
2024-09-20 [main] INFO  testCases.Loginpage - ....Starting Logout.....
2024-09-20 [main] ERROR testCases.Loginpage - ...Logout failed...
2024-09-24 [main] INFO  testCases.TC_loginDDT -  LoginpageDDT is started
2024-09-24 [main] INFO  testCases.TC_loginDDT -  LoginpageDDT is started
2024-09-24 [main] ERROR testCases.TC_loginDDT - ...Login failed...
2024-09-24 [main] INFO  testCases.TC_loginDDT -  LoginpageDDT is started
2024-09-24 [main] ERROR testCases.TC_loginDDT - ...Login failed...
2024-09-24 [main] INFO  testCases.TC_loginDDT -  LoginpageDDT is started
2024-09-24 [main] INFO  testCases.TC_loginDDT -  LoginpageDDT is started
2024-09-24 [main] ERROR testCases.TC_loginDDT - ...Login failed...
2024-09-24 [main] INFO  testCases.TC_loginDDT -  LoginpageDDT is started
2024-09-24 [main] ERROR testCases.TC_loginDDT - ...Login failed...
2024-09-24 [main] INFO  testCases.TC_loginDDT -  LoginpageDDT is started
2024-09-24 [main] ERROR testCases.TC_loginDDT - ...Login failed...
2024-09-24 [main] INFO  testCases.TC_loginDDT -  LoginpageDDT is started
2024-09-24 [main] ERROR testCases.TC_loginDDT - ...Login failed...
2024-09-24 [main] INFO  testCases.TC_loginDDT -  LoginpageDDT is started
2024-09-24 [main] INFO  testCases.TC_loginDDT -  LoginpageDDT is started
2024-09-24 [main] ERROR testCases.TC_loginDDT - ...Login failed...
2024-09-24 [main] INFO  testCases.TC_loginDDT -  LoginpageDDT is started
2024-09-24 [main] INFO  testCases.TC_loginDDT -  LoginpageDDT is started
2024-09-24 [main] ERROR testCases.TC_loginDDT - ...Login failed...
2024-09-24 [main] INFO  testCases.TC_loginDDT -  LoginpageDDT is started
2024-09-24 [main] ERROR testCases.TC_loginDDT - ...Login failed...
2024-09-24 [main] INFO  testCases.TC_loginDDT -  LoginpageDDT is started
2024-09-24 [main] INFO  testCases.TC_loginDDT -  LoginpageDDT is started
2024-09-24 [main] ERROR testCases.TC_loginDDT - ...Login failed...
2024-09-24 [main] INFO  testCases.TC_loginDDT -  LoginpageDDT is started
2024-09-24 [main] INFO  testCases.TC_loginDDT -  LoginpageDDT is started
2024-09-24 [main] INFO  testCases.TC_loginDDT -  LoginpageDDT is started
2024-09-24 [main] INFO  testCases.TC_loginDDT -  LoginpageDDT is started
2024-09-24 [main] ERROR testCases.TC_loginDDT - ...Login failed...
2024-09-24 [main] INFO  testCases.TC_loginDDT -  LoginpageDDT is started
2024-09-24 [main] INFO  testCases.TC_loginDDT -  LoginpageDDT is started
2024-09-24 [main] ERROR testCases.TC_loginDDT - ...Login failed...
2024-09-24 [main] INFO  testCases.TC_loginDDT -  LoginpageDDT is started
2024-09-24 [main] INFO  testCases.TC_loginDDT -  LoginpageDDT is started
2024-09-24 [main] ERROR testCases.TC_loginDDT - ...Login failed...
2024-09-26 [main] INFO  testCases.TC_loginDDT -  LoginpageDDT is started
2024-09-26 [main] INFO  testCases.TC_loginDDT -  LoginpageDDT is started
2024-09-26 [main] ERROR testCases.TC_loginDDT - ...Login failed...
2024-09-26 [main] INFO  testCases.TC_loginDDT -  LoginpageDDT is started
2024-09-26 [main] ERROR testCases.TC_loginDDT - ...Login failed...
2024-09-28 [main] INFO  testCases.DDT_Login - allvalid
2024-09-28 [main] INFO  testCases.DDT_Login - allvalid
2024-09-28 [main] INFO  testCases.DDT_Login - allvalid
2024-09-28 [main] INFO  testCases.DDT_Login - allvalid
2024-09-28 [main] INFO  testCases.DDT_Login - allvalid
2024-09-28 [main] INFO  testCases.DDT_Login - allvalid
2024-09-28 [main] INFO  testCases.DDT_Login - allvalid
2024-09-28 [main] INFO  testCases.DDT_Login - allvalid
2024-09-28 [main] INFO  testCases.DDT_Login - allvalid
2024-09-28 [main] INFO  testCases.DDT_Login - allvalid
2024-09-28 [main] INFO  testCases.DDT_Login - allvalid
2024-09-28 [main] INFO  testCases.DDT_Login - allvalid
2024-09-28 [main] INFO  testCases.DDT_Login - allvalid
2024-09-28 [main] INFO  testCases.DDT_Login - allvalid
2024-09-28 [main] INFO  testCases.DDT_Login - allvalid
2024-09-28 [main] INFO  testCases.DDT_Login - allvalid
2024-09-28 [main] INFO  testCases.DDT_Login - allvalid
2024-09-29 [main] INFO  testCases.TC_loginDDT -  LoginpageDDT is started
2024-09-29 [main] INFO  testCases.TC_loginDDT -  LoginpageDDT is started
2024-09-29 [main] INFO  testCases.TC_loginDDT -  LoginpageDDT is started
2024-09-29 [main] INFO  testCases.TC_loginDDT -  LoginpageDDT is started
2024-09-29 [main] ERROR testCases.TC_loginDDT - ...Login failed...
2024-09-29 [main] INFO  testCases.TC_loginDDT -  LoginpageDDT is started
2024-10-01 [main] INFO  testCases.LoginDDT_two - valid domain
2024-10-01 [main] INFO  testCases.LoginDDT_two - allvalid
2024-10-01 [main] INFO  testCases.LoginDDT_two - valid email
2024-10-01 [main] INFO  testCases.LoginDDT_two - valid domain
2024-10-01 [main] INFO  testCases.LoginDDT_two - allvalid
2024-10-01 [main] INFO  testCases.LoginDDT_two - valid email
2024-10-01 [main] INFO  testCases.LoginDDT_two - valid domain
2024-10-01 [main] INFO  testCases.LoginDDT_two - allvalid
2024-10-01 [main] INFO  testCases.LoginDDT_two - valid email
2024-10-01 [main] INFO  testCases.LoginDDT_two - invalid email
2024-10-01 [main] INFO  testCases.LoginDDT_two - valid domain
2024-10-01 [main] INFO  testCases.LoginDDT_two - allvalid
2024-10-01 [main] INFO  testCases.LoginDDT_two - valid email
2024-10-01 [main] INFO  testCases.LoginDDT_two - invalid email
2024-10-01 [main] INFO  testCases.LoginDDT_two - valid domain
2024-10-01 [main] INFO  testCases.LoginDDT_two - allvalid
2024-10-01 [main] INFO  testCases.LoginDDT_two - invalid domain
